2022-11-28 10:35:11.367 [info] Validating found git in: git
2022-11-28 10:35:11.367 [info] Using git 2.25.1 from git
2022-11-28 10:35:11.367 [info] > git rev-parse --show-toplevel [23ms]
2022-11-28 10:35:11.367 [info] > git rev-parse --git-dir --git-common-dir [31ms]
2022-11-28 10:35:11.367 [info] Log level: Info
2022-11-28 10:35:11.367 [info] Open repository: /home/bruxly
2022-11-28 10:35:11.371 [info] > git rev-parse --show-toplevel [14ms]
2022-11-28 10:35:11.381 [info] > git remote --verbose [46ms]
2022-11-28 10:35:11.382 [info] > git for-each-ref --sort -committerdate --format %(refname) %(objectname) %(*objectname) [56ms]
2022-11-28 10:35:11.389 [info] > git status -z -uall [46ms]
2022-11-28 10:35:11.390 [info] > git rev-parse --show-toplevel [10ms]
2022-11-28 10:35:11.398 [info] > git config --get commit.template [27ms]
2022-11-28 10:35:11.419 [info] > git for-each-ref --format=%(refname)%00%(upstream:short)%00%(objectname)%00%(upstream:track)%00%(upstream:remotename)%00%(upstream:remoteref) refs/heads/main refs/remotes/main [2ms]
2022-11-28 10:35:11.464 [info] > git remote --verbose [18ms]
2022-11-28 10:35:11.466 [info] > git for-each-ref --sort -committerdate --format %(refname) %(objectname) %(*objectname) [26ms]
2022-11-28 10:35:11.469 [info] > git config --get commit.template [7ms]
2022-11-28 10:35:11.471 [info] > git status -z -uall [19ms]
2022-11-28 10:35:11.485 [info] > git for-each-ref --format=%(refname)%00%(upstream:short)%00%(objectname)%00%(upstream:track)%00%(upstream:remotename)%00%(upstream:remoteref) refs/heads/main refs/remotes/main [2ms]
2022-11-28 10:35:11.917 [info] > git check-ignore -v -z --stdin [3ms]
2022-11-28 10:35:12.591 [info] > git remote --verbose [16ms]
2022-11-28 10:35:12.593 [info] > git for-each-ref --sort -committerdate --format %(refname) %(objectname) %(*objectname) [23ms]
2022-11-28 10:35:12.595 [info] > git config --get commit.template [6ms]
2022-11-28 10:35:12.605 [info] > git status -z -uall [24ms]
2022-11-28 10:35:12.607 [info] > git for-each-ref --format=%(refname)%00%(upstream:short)%00%(objectname)%00%(upstream:track)%00%(upstream:remotename)%00%(upstream:remoteref) refs/heads/main refs/remotes/main [3ms]
2022-11-28 10:35:17.635 [info] > git remote --verbose [9ms]
2022-11-28 10:35:17.636 [info] > git for-each-ref --sort -committerdate --format %(refname) %(objectname) %(*objectname) [16ms]
2022-11-28 10:35:17.652 [info] > git config --get commit.template [7ms]
2022-11-28 10:35:17.663 [info] > git status -z -uall [30ms]
2022-11-28 10:35:17.665 [info] > git for-each-ref --format=%(refname)%00%(upstream:short)%00%(objectname)%00%(upstream:track)%00%(upstream:remotename)%00%(upstream:remoteref) refs/heads/main refs/remotes/main [2ms]
2022-11-28 10:35:22.700 [info] > git remote --verbose [16ms]
2022-11-28 10:35:22.701 [info] > git for-each-ref --sort -committerdate --format %(refname) %(objectname) %(*objectname) [24ms]
2022-11-28 10:35:22.706 [info] > git config --get commit.template [8ms]
2022-11-28 10:35:22.714 [info] > git status -z -uall [25ms]
2022-11-28 10:35:22.716 [info] > git for-each-ref --format=%(refname)%00%(upstream:short)%00%(objectname)%00%(upstream:track)%00%(upstream:remotename)%00%(upstream:remoteref) refs/heads/main refs/remotes/main [2ms]
2022-11-28 10:39:52.297 [info] > git status -z -uall [12ms]
2022-11-28 10:39:52.298 [info] > git remote --verbose [16ms]
2022-11-28 10:39:52.299 [info] > git for-each-ref --sort -committerdate --format %(refname) %(objectname) %(*objectname) [21ms]
2022-11-28 10:39:52.301 [info] > git config --get commit.template [4ms]
2022-11-28 10:39:52.306 [info] > git for-each-ref --format=%(refname)%00%(upstream:short)%00%(objectname)%00%(upstream:track)%00%(upstream:remotename)%00%(upstream:remoteref) refs/heads/main refs/remotes/main [1ms]
2022-11-28 10:39:57.320 [info] > git remote --verbose [5ms]
2022-11-28 10:39:57.321 [info] > git for-each-ref --sort -committerdate --format %(refname) %(objectname) %(*objectname) [8ms]
2022-11-28 10:39:57.328 [info] > git status -z -uall [10ms]
2022-11-28 10:39:57.329 [info] > git config --get commit.template [4ms]
2022-11-28 10:39:57.331 [info] > git for-each-ref --format=%(refname)%00%(upstream:short)%00%(objectname)%00%(upstream:track)%00%(upstream:remotename)%00%(upstream:remoteref) refs/heads/main refs/remotes/main [2ms]
